<?xml version="1.0" encoding="UTF-8"?>
<!-- Generated by org.testng.reporters.JUnitReportReporter -->
<testsuite hostname="CarinaE" name="ConversorTest" tests="2" failures="0" timestamp="18 Oct 2016 12:44:33 GMT" time="0.010" errors="0">
  <testcase name="testToDegrees" time="0.000" classname="ConversorTest"/>
  <testcase name="testToRadians" time="0.010" classname="ConversorTest"/>
</testsuite> <!-- ConversorTest -->
